<?xml version="1.0" encoding="UTF-8"?>
<!-- Generated by org.testng.reporters.JUnitReportReporter -->
<testsuite hostname="DESKTOP-UU0A01F" failures="0" tests="1" name="com.comcast.crm.orgtest.CreateOrganizationWithPhoneNumber" time="33.303" errors="0" timestamp="2024-06-14T11:50:02 IST" skipped="0">
  <testcase classname="com.comcast.crm.orgtest.CreateOrganizationWithPhoneNumber" name="createOrgWithPhNo" time="33.303"/>
  <system-out/>
</testsuite> <!-- com.comcast.crm.orgtest.CreateOrganizationWithPhoneNumber -->
