<?xml version="1.0" encoding="UTF-8"?>
<!-- Generated by org.testng.reporters.JUnitReportReporter -->
<testsuite hostname="DESKTOP-UU0A01F" failures="0" tests="1" name="practice.test.CreateContactWithSupportDateTest" time="32.014" errors="0" timestamp="2024-06-20T17:18:05 IST" skipped="0">
  <testcase classname="practice.test.CreateContactWithSupportDateTest" name="CreateContactWithSupportDateTest" time="32.014"/>
  <system-out/>
</testsuite> <!-- practice.test.CreateContactWithSupportDateTest -->
