<?xml version="1.0" encoding="UTF-8"?>
<!-- Generated by org.testng.reporters.JUnitReportReporter -->
<testsuite hostname="DESKTOP-UU0A01F" failures="0" tests="1" name="com.comcast.crm.contacttest.Create_ContactTest" time="27.934" errors="0" timestamp="2024-06-18T15:23:01 IST" skipped="0">
  <testcase classname="com.comcast.crm.contacttest.Create_ContactTest" name="createConatctTest" time="27.934"/>
  <system-out/>
</testsuite> <!-- com.comcast.crm.contacttest.Create_ContactTest -->
