<?xml version="1.0" encoding="UTF-8"?>
<!-- Generated by org.testng.reporters.JUnitReportReporter -->
<testsuite hostname="DESKTOP-UU0A01F" failures="0" tests="1" name="practice.screenshotTest.AmozonTest" time="10.774" errors="0" timestamp="2024-06-14T17:45:25 IST" skipped="0">
  <testcase classname="practice.screenshotTest.AmozonTest" name="amazonTest" time="10.774"/>
  <system-out/>
</testsuite> <!-- practice.screenshotTest.AmozonTest -->
