<?xml version="1.0" encoding="UTF-8"?>
<!-- Generated by org.testng.reporters.JUnitReportReporter -->
<testsuite hostname="DESKTOP-ROIRK3H" failures="0" tests="1" name="com.comcast.crm.contacttest.TC_04_Create_Contact_Test" time="76.187" errors="0" timestamp="2024-06-05T11:48:13 IST" skipped="0">
  <testcase classname="com.comcast.crm.contacttest.TC_04_Create_Contact_Test" name="createContactTest" time="76.187"/>
  <system-out/>
</testsuite> <!-- com.comcast.crm.contacttest.TC_04_Create_Contact_Test -->
