<?xml version="1.0" encoding="UTF-8"?>
<!-- Generated by org.testng.reporters.JUnitReportReporter -->
<testsuite hostname="DESKTOP-ROIRK3H" failures="0" tests="3" name="com.comcast.crm.organizationTest.CreateOrganizationTest" time="159.261" errors="0" timestamp="2024-06-14T12:22:23 IST" skipped="0">
  <testcase classname="com.comcast.crm.organizationTest.CreateOrganizationTest" name="CreateOrganizationWithPhoneTest" time="48.930"/>
  <system-out/>
  <testcase classname="com.comcast.crm.organizationTest.CreateOrganizationTest" name="createOrgTest" time="49.601"/>
  <system-out/>
  <testcase classname="com.comcast.crm.organizationTest.CreateOrganizationTest" name="CreateOrganizationWithIndustryTest" time="60.730"/>
  <system-out/>
</testsuite> <!-- com.comcast.crm.organizationTest.CreateOrganizationTest -->
