<?xml version="1.0" encoding="UTF-8"?>
<!-- Generated by org.testng.reporters.JUnitXMLReporter -->
<testsuite ignored="0" hostname="DESKTOP-UU0A01F" failures="0" tests="3" name="Test-1" time="116.88" errors="0" timestamp="2024-06-17T14:23:41 IST">
  <testcase classname="com.comcast.crm.contacttest.Create_ContactTest" name="CreateContactWithOrgTest" time="51.984"/>
  <testcase classname="com.comcast.crm.contacttest.Create_ContactTest" name="createConatctTest" time="19.603"/>
  <testcase classname="com.comcast.crm.contacttest.Create_ContactTest" name="createContactWithSupportDate" time="14.38"/>
</testsuite> <!-- Test-1 -->
