<?xml version="1.0" encoding="UTF-8"?>
<!-- Generated by org.testng.reporters.JUnitReportReporter -->
<testsuite hostname="DESKTOP-ROIRK3H" failures="0" tests="1" name="com.comcast.crm.contacttest.TC_05_Create_Contact_with_Support_date_Test" time="82.260" errors="0" timestamp="2024-06-05T13:14:48 IST" skipped="0">
  <testcase classname="com.comcast.crm.contacttest.TC_05_Create_Contact_with_Support_date_Test" name="createContactTest" time="82.260"/>
  <system-out/>
</testsuite> <!-- com.comcast.crm.contacttest.TC_05_Create_Contact_with_Support_date_Test -->
